<?xml version="1.0" encoding="UTF-8"?>
<coverage generated="1727539603257" clover="3.2.0">
  <project timestamp="1727539603257" name="All files">
    <metrics statements="75" coveredstatements="73" conditionals="24" coveredconditionals="16" methods="31" coveredmethods="29" elements="130" coveredelements="118" complexity="0" loc="75" ncloc="75" packages="2" files="10" classes="10"/>
    <package name="components">
      <metrics statements="74" coveredstatements="72" conditionals="24" coveredconditionals="16" methods="31" coveredmethods="29"/>
      <file name="Body.js" path="C:\Users\Manmit pal\Desktop\namastereact\src\components\Body.js">
        <metrics statements="24" coveredstatements="23" conditionals="4" coveredconditionals="3" methods="10" coveredmethods="9"/>
        <line num="12" count="1" type="stmt"/>
        <line num="14" count="11" type="stmt"/>
        <line num="15" count="11" type="stmt"/>
        <line num="17" count="11" type="stmt"/>
        <line num="19" count="11" type="stmt"/>
        <line num="22" count="11" type="stmt"/>
        <line num="23" count="3" type="stmt"/>
        <line num="26" count="11" type="stmt"/>
        <line num="27" count="3" type="stmt"/>
        <line num="28" count="3" type="stmt"/>
        <line num="30" count="3" type="stmt"/>
        <line num="31" count="3" type="stmt"/>
        <line num="37" count="11" type="stmt"/>
        <line num="39" count="11" type="cond" truecount="1" falsecount="1"/>
        <line num="42" count="11" type="cond" truecount="2" falsecount="0"/>
        <line num="43" count="3" type="stmt"/>
        <line num="46" count="8" type="stmt"/>
        <line num="51" count="20" type="stmt"/>
        <line num="52" count="1" type="stmt"/>
        <line num="60" count="2" type="stmt"/>
        <line num="66" count="40" type="stmt"/>
        <line num="67" count="2" type="stmt"/>
        <line num="74" count="0" type="stmt"/>
        <line num="82" count="121" type="stmt"/>
      </file>
      <file name="Cart.js" path="C:\Users\Manmit pal\Desktop\namastereact\src\components\Cart.js">
        <metrics statements="7" coveredstatements="7" conditionals="2" coveredconditionals="2" methods="3" coveredmethods="3"/>
        <line num="8" count="1" type="stmt"/>
        <line num="10" count="8" type="stmt"/>
        <line num="11" count="4" type="stmt"/>
        <line num="13" count="4" type="stmt"/>
        <line num="15" count="4" type="stmt"/>
        <line num="16" count="1" type="stmt"/>
        <line num="20" count="4" type="stmt"/>
      </file>
      <file name="Contact.js" path="C:\Users\Manmit pal\Desktop\namastereact\src\components\Contact.js">
        <metrics statements="2" coveredstatements="2" conditionals="0" coveredconditionals="0" methods="1" coveredmethods="1"/>
        <line num="3" count="1" type="stmt"/>
        <line num="4" count="3" type="stmt"/>
      </file>
      <file name="Header.js" path="C:\Users\Manmit pal\Desktop\namastereact\src\components\Header.js">
        <metrics statements="11" coveredstatements="11" conditionals="6" coveredconditionals="3" methods="4" coveredmethods="4"/>
        <line num="11" count="2" type="stmt"/>
        <line num="13" count="9" type="stmt"/>
        <line num="16" count="9" type="stmt"/>
        <line num="17" count="9" type="stmt"/>
        <line num="19" count="9" type="stmt"/>
        <line num="24" count="17" type="stmt"/>
        <line num="27" count="9" type="stmt"/>
        <line num="29" count="9" type="stmt"/>
        <line num="30" count="1" type="cond" truecount="1" falsecount="1"/>
        <line num="31" count="1" type="cond" truecount="1" falsecount="1"/>
        <line num="35" count="9" type="stmt"/>
      </file>
      <file name="ItemList.js" path="C:\Users\Manmit pal\Desktop\namastereact\src\components\ItemList.js">
        <metrics statements="7" coveredstatements="7" conditionals="2" coveredconditionals="1" methods="4" coveredmethods="4"/>
        <line num="6" count="1" type="stmt"/>
        <line num="8" count="3" type="stmt"/>
        <line num="10" count="3" type="stmt"/>
        <line num="11" count="2" type="stmt"/>
        <line num="15" count="3" type="stmt"/>
        <line num="17" count="14" type="stmt"/>
        <line num="31" count="2" type="stmt"/>
      </file>
      <file name="RestaurantCard.js" path="C:\Users\Manmit pal\Desktop\namastereact\src\components\RestaurantCard.js">
        <metrics statements="5" coveredstatements="5" conditionals="0" coveredconditionals="0" methods="1" coveredmethods="1"/>
        <line num="5" count="2" type="stmt"/>
        <line num="6" count="122" type="stmt"/>
        <line num="8" count="122" type="stmt"/>
        <line num="10" count="122" type="stmt"/>
        <line num="13" count="122" type="stmt"/>
      </file>
      <file name="RestaurantCatergory.js" path="C:\Users\Manmit pal\Desktop\namastereact\src\components\RestaurantCatergory.js">
        <metrics statements="6" coveredstatements="5" conditionals="6" coveredconditionals="3" methods="3" coveredmethods="2"/>
        <line num="5" count="1" type="stmt"/>
        <line num="8" count="14" type="stmt"/>
        <line num="10" count="14" type="stmt"/>
        <line num="11" count="1" type="stmt"/>
        <line num="14" count="14" type="stmt"/>
        <line num="20" count="0" type="cond" truecount="1" falsecount="3"/>
      </file>
      <file name="RestaurantMenu.js" path="C:\Users\Manmit pal\Desktop\namastereact\src\components\RestaurantMenu.js">
        <metrics statements="10" coveredstatements="10" conditionals="4" coveredconditionals="4" methods="4" coveredmethods="4"/>
        <line num="7" count="1" type="stmt"/>
        <line num="9" count="3" type="stmt"/>
        <line num="10" count="3" type="stmt"/>
        <line num="12" count="3" type="stmt"/>
        <line num="17" count="3" type="cond" truecount="2" falsecount="0"/>
        <line num="19" count="2" type="stmt"/>
        <line num="23" count="38" type="stmt"/>
        <line num="27" count="2" type="stmt"/>
        <line num="33" count="14" type="stmt"/>
        <line num="37" count="1" type="stmt"/>
      </file>
      <file name="Sum.js" path="C:\Users\Manmit pal\Desktop\namastereact\src\components\Sum.js">
        <metrics statements="2" coveredstatements="2" conditionals="0" coveredconditionals="0" methods="1" coveredmethods="1"/>
        <line num="1" count="1" type="stmt"/>
        <line num="2" count="1" type="stmt"/>
      </file>
    </package>
    <package name="utils">
      <metrics statements="1" coveredstatements="1" conditionals="0" coveredconditionals="0" methods="0" coveredmethods="0"/>
      <file name="appStore.js" path="C:\Users\Manmit pal\Desktop\namastereact\src\utils\appStore.js">
        <metrics statements="1" coveredstatements="1" conditionals="0" coveredconditionals="0" methods="0" coveredmethods="0"/>
        <line num="4" count="2" type="stmt"/>
      </file>
    </package>
  </project>
</coverage>
