{"C:\\Users\\Manmit pal\\Desktop\\namastereact\\src\\components\\Body.js": {"path":"C:\\Users\\Manmit pal\\Desktop\\namastereact\\src\\components\\Body.js","statementMap":{"0":{"start":{"line":12,"column":13},"end":{"line":91,"column":1}},"1":{"start":{"line":14,"column":54},"end":{"line":14,"column":66}},"2":{"start":{"line":15,"column":56},"end":{"line":15,"column":68}},"3":{"start":{"line":17,"column":40},"end":{"line":17,"column":52}},"4":{"start":{"line":19,"column":40},"end":{"line":19,"column":63}},"5":{"start":{"line":22,"column":4},"end":{"line":24,"column":11}},"6":{"start":{"line":23,"column":5},"end":{"line":23,"column":17}},"7":{"start":{"line":26,"column":22},"end":{"line":33,"column":5}},"8":{"start":{"line":27,"column":19},"end":{"line":27,"column":166}},"9":{"start":{"line":28,"column":19},"end":{"line":28,"column":36}},"10":{"start":{"line":30,"column":6},"end":{"line":30,"column":103}},"11":{"start":{"line":31,"column":6},"end":{"line":31,"column":104}},"12":{"start":{"line":37,"column":25},"end":{"line":37,"column":44}},"13":{"start":{"line":39,"column":4},"end":{"line":39,"column":112}},"14":{"start":{"line":39,"column":31},"end":{"line":39,"column":112}},"15":{"start":{"line":42,"column":3},"end":{"line":44,"column":5}},"16":{"start":{"line":43,"column":6},"end":{"line":43,"column":22}},"17":{"start":{"line":46,"column":4},"end":{"line":90,"column":5}},"18":{"start":{"line":51,"column":33},"end":{"line":51,"column":94}},"19":{"start":{"line":51,"column":68},"end":{"line":51,"column":92}},"20":{"start":{"line":52,"column":13},"end":{"line":52,"column":49}},"21":{"start":{"line":60,"column":18},"end":{"line":60,"column":48}},"22":{"start":{"line":66,"column":43},"end":{"line":66,"column":140}},"23":{"start":{"line":66,"column":77},"end":{"line":66,"column":139}},"24":{"start":{"line":67,"column":16},"end":{"line":67,"column":58}},"25":{"start":{"line":74,"column":29},"end":{"line":74,"column":56}},"26":{"start":{"line":82,"column":9},"end":{"line":85,"column":15}}},"fnMap":{"0":{"name":"(anonymous_0)","decl":{"start":{"line":12,"column":13},"end":{"line":12,"column":14}},"loc":{"start":{"line":12,"column":19},"end":{"line":91,"column":1}},"line":12},"1":{"name":"(anonymous_1)","decl":{"start":{"line":22,"column":14},"end":{"line":22,"column":15}},"loc":{"start":{"line":22,"column":18},"end":{"line":24,"column":5}},"line":22},"2":{"name":"(anonymous_2)","decl":{"start":{"line":26,"column":22},"end":{"line":26,"column":23}},"loc":{"start":{"line":26,"column":34},"end":{"line":33,"column":5}},"line":26},"3":{"name":"(anonymous_3)","decl":{"start":{"line":50,"column":81},"end":{"line":50,"column":82}},"loc":{"start":{"line":50,"column":87},"end":{"line":53,"column":12}},"line":50},"4":{"name":"(anonymous_4)","decl":{"start":{"line":51,"column":59},"end":{"line":51,"column":60}},"loc":{"start":{"line":51,"column":68},"end":{"line":51,"column":92}},"line":51},"5":{"name":"(anonymous_5)","decl":{"start":{"line":59,"column":22},"end":{"line":59,"column":23}},"loc":{"start":{"line":59,"column":29},"end":{"line":62,"column":13}},"line":59},"6":{"name":"(anonymous_6)","decl":{"start":{"line":64,"column":23},"end":{"line":64,"column":24}},"loc":{"start":{"line":64,"column":29},"end":{"line":69,"column":15}},"line":64},"7":{"name":"(anonymous_7)","decl":{"start":{"line":66,"column":68},"end":{"line":66,"column":69}},"loc":{"start":{"line":66,"column":77},"end":{"line":66,"column":139}},"line":66},"8":{"name":"(anonymous_8)","decl":{"start":{"line":74,"column":22},"end":{"line":74,"column":23}},"loc":{"start":{"line":74,"column":29},"end":{"line":74,"column":56}},"line":74},"9":{"name":"(anonymous_9)","decl":{"start":{"line":81,"column":28},"end":{"line":81,"column":29}},"loc":{"start":{"line":82,"column":9},"end":{"line":85,"column":15}},"line":82}},"branchMap":{"0":{"loc":{"start":{"line":39,"column":4},"end":{"line":39,"column":112}},"type":"if","locations":[{"start":{"line":39,"column":4},"end":{"line":39,"column":112}},{"start":{},"end":{}}],"line":39},"1":{"loc":{"start":{"line":42,"column":3},"end":{"line":44,"column":5}},"type":"if","locations":[{"start":{"line":42,"column":3},"end":{"line":44,"column":5}},{"start":{},"end":{}}],"line":42}},"s":{"0":1,"1":11,"2":11,"3":11,"4":11,"5":11,"6":3,"7":11,"8":3,"9":3,"10":3,"11":3,"12":11,"13":11,"14":0,"15":11,"16":3,"17":8,"18":1,"19":20,"20":1,"21":2,"22":2,"23":40,"24":2,"25":0,"26":121},"f":{"0":11,"1":3,"2":3,"3":1,"4":20,"5":2,"6":2,"7":40,"8":0,"9":121},"b":{"0":[0,11],"1":[3,8]},"_coverageSchema":"1a1c01bbd47fc00a2c39e90264f33305004495a9","hash":"1c1c0dacc924792decc060dbe35b2b50925ede48"}
,"C:\\Users\\Manmit pal\\Desktop\\namastereact\\src\\components\\Cart.js": {"path":"C:\\Users\\Manmit pal\\Desktop\\namastereact\\src\\components\\Cart.js","statementMap":{"0":{"start":{"line":8,"column":13},"end":{"line":33,"column":1}},"1":{"start":{"line":10,"column":22},"end":{"line":10,"column":62}},"2":{"start":{"line":10,"column":45},"end":{"line":10,"column":61}},"3":{"start":{"line":11,"column":4},"end":{"line":11,"column":26}},"4":{"start":{"line":13,"column":21},"end":{"line":13,"column":34}},"5":{"start":{"line":15,"column":28},"end":{"line":17,"column":5}},"6":{"start":{"line":16,"column":8},"end":{"line":16,"column":30}},"7":{"start":{"line":20,"column":4},"end":{"line":32,"column":10}}},"fnMap":{"0":{"name":"(anonymous_0)","decl":{"start":{"line":8,"column":13},"end":{"line":8,"column":14}},"loc":{"start":{"line":8,"column":19},"end":{"line":33,"column":1}},"line":8},"1":{"name":"(anonymous_1)","decl":{"start":{"line":10,"column":34},"end":{"line":10,"column":35}},"loc":{"start":{"line":10,"column":45},"end":{"line":10,"column":61}},"line":10},"2":{"name":"(anonymous_2)","decl":{"start":{"line":15,"column":28},"end":{"line":15,"column":29}},"loc":{"start":{"line":15,"column":34},"end":{"line":17,"column":5}},"line":15}},"branchMap":{"0":{"loc":{"start":{"line":23,"column":7},"end":{"line":28,"column":13}},"type":"cond-expr","locations":[{"start":{"line":23,"column":31},"end":{"line":23,"column":99}},{"start":{"line":24,"column":8},"end":{"line":28,"column":12}}],"line":23}},"s":{"0":1,"1":4,"2":8,"3":4,"4":4,"5":4,"6":1,"7":4},"f":{"0":4,"1":8,"2":1},"b":{"0":[2,2]},"_coverageSchema":"1a1c01bbd47fc00a2c39e90264f33305004495a9","hash":"4e09471af03a068b902eb67f418e15ccd3d5c967"}
,"C:\\Users\\Manmit pal\\Desktop\\namastereact\\src\\components\\Contact.js": {"path":"C:\\Users\\Manmit pal\\Desktop\\namastereact\\src\\components\\Contact.js","statementMap":{"0":{"start":{"line":3,"column":16},"end":{"line":11,"column":1}},"1":{"start":{"line":4,"column":4},"end":{"line":9,"column":14}}},"fnMap":{"0":{"name":"(anonymous_0)","decl":{"start":{"line":3,"column":16},"end":{"line":3,"column":17}},"loc":{"start":{"line":3,"column":22},"end":{"line":11,"column":1}},"line":3}},"branchMap":{},"s":{"0":1,"1":3},"f":{"0":3},"b":{},"_coverageSchema":"1a1c01bbd47fc00a2c39e90264f33305004495a9","hash":"055f6305408bf0afb6c3e0ab15ef6f7fb1c5e2a6"}
,"C:\\Users\\Manmit pal\\Desktop\\namastereact\\src\\components\\Header.js": {"path":"C:\\Users\\Manmit pal\\Desktop\\namastereact\\src\\components\\Header.js","statementMap":{"0":{"start":{"line":11,"column":15},"end":{"line":69,"column":1}},"1":{"start":{"line":13,"column":25},"end":{"line":13,"column":48}},"2":{"start":{"line":16,"column":42},"end":{"line":16,"column":59}},"3":{"start":{"line":17,"column":34},"end":{"line":17,"column":52}},"4":{"start":{"line":19,"column":2},"end":{"line":21,"column":7}},"5":{"start":{"line":24,"column":19},"end":{"line":24,"column":59}},"6":{"start":{"line":24,"column":42},"end":{"line":24,"column":58}},"7":{"start":{"line":27,"column":24},"end":{"line":27,"column":43}},"8":{"start":{"line":29,"column":22},"end":{"line":32,"column":4}},"9":{"start":{"line":30,"column":9},"end":{"line":30,"column":90}},"10":{"start":{"line":31,"column":18},"end":{"line":31,"column":93}},"11":{"start":{"line":35,"column":4},"end":{"line":68,"column":5}}},"fnMap":{"0":{"name":"(anonymous_0)","decl":{"start":{"line":11,"column":15},"end":{"line":11,"column":16}},"loc":{"start":{"line":11,"column":21},"end":{"line":69,"column":1}},"line":11},"1":{"name":"(anonymous_1)","decl":{"start":{"line":19,"column":12},"end":{"line":19,"column":13}},"loc":{"start":{"line":19,"column":18},"end":{"line":21,"column":3}},"line":19},"2":{"name":"(anonymous_2)","decl":{"start":{"line":24,"column":31},"end":{"line":24,"column":32}},"loc":{"start":{"line":24,"column":42},"end":{"line":24,"column":58}},"line":24},"3":{"name":"(anonymous_3)","decl":{"start":{"line":29,"column":22},"end":{"line":29,"column":23}},"loc":{"start":{"line":29,"column":28},"end":{"line":32,"column":4}},"line":29}},"branchMap":{"0":{"loc":{"start":{"line":30,"column":9},"end":{"line":30,"column":88}},"type":"cond-expr","locations":[{"start":{"line":30,"column":36},"end":{"line":30,"column":61}},{"start":{"line":30,"column":64},"end":{"line":30,"column":88}}],"line":30},"1":{"loc":{"start":{"line":31,"column":18},"end":{"line":31,"column":92}},"type":"cond-expr","locations":[{"start":{"line":31,"column":42},"end":{"line":31,"column":66}},{"start":{"line":31,"column":70},"end":{"line":31,"column":92}}],"line":31},"2":{"loc":{"start":{"line":45,"column":36},"end":{"line":45,"column":61}},"type":"cond-expr","locations":[{"start":{"line":45,"column":51},"end":{"line":45,"column":54}},{"start":{"line":45,"column":57},"end":{"line":45,"column":61}}],"line":45}},"s":{"0":2,"1":9,"2":9,"3":9,"4":9,"5":9,"6":17,"7":9,"8":9,"9":1,"10":1,"11":9},"f":{"0":9,"1":5,"2":17,"3":1},"b":{"0":[1,0],"1":[1,0],"2":[9,0]},"_coverageSchema":"1a1c01bbd47fc00a2c39e90264f33305004495a9","hash":"d1393b98dd56c2dacd3262b4d7e723072b655a7f"}
,"C:\\Users\\Manmit pal\\Desktop\\namastereact\\src\\components\\ItemList.js": {"path":"C:\\Users\\Manmit pal\\Desktop\\namastereact\\src\\components\\ItemList.js","statementMap":{"0":{"start":{"line":6,"column":17},"end":{"line":42,"column":1}},"1":{"start":{"line":8,"column":19},"end":{"line":8,"column":32}},"2":{"start":{"line":10,"column":24},"end":{"line":12,"column":3}},"3":{"start":{"line":11,"column":5},"end":{"line":11,"column":28}},"4":{"start":{"line":15,"column":4},"end":{"line":39,"column":10}},"5":{"start":{"line":17,"column":8},"end":{"line":37,"column":14}},"6":{"start":{"line":31,"column":27},"end":{"line":31,"column":46}}},"fnMap":{"0":{"name":"(anonymous_0)","decl":{"start":{"line":6,"column":17},"end":{"line":6,"column":18}},"loc":{"start":{"line":6,"column":30},"end":{"line":42,"column":1}},"line":6},"1":{"name":"(anonymous_1)","decl":{"start":{"line":10,"column":24},"end":{"line":10,"column":25}},"loc":{"start":{"line":10,"column":34},"end":{"line":12,"column":3}},"line":10},"2":{"name":"(anonymous_2)","decl":{"start":{"line":16,"column":18},"end":{"line":16,"column":19}},"loc":{"start":{"line":17,"column":8},"end":{"line":37,"column":14}},"line":17},"3":{"name":"(anonymous_3)","decl":{"start":{"line":31,"column":21},"end":{"line":31,"column":22}},"loc":{"start":{"line":31,"column":27},"end":{"line":31,"column":46}},"line":31}},"branchMap":{"0":{"loc":{"start":{"line":23,"column":26},"end":{"line":23,"column":89}},"type":"binary-expr","locations":[{"start":{"line":23,"column":26},"end":{"line":23,"column":52}},{"start":{"line":23,"column":56},"end":{"line":23,"column":89}}],"line":23}},"s":{"0":1,"1":3,"2":3,"3":2,"4":3,"5":14,"6":2},"f":{"0":3,"1":2,"2":14,"3":2},"b":{"0":[14,0]},"_coverageSchema":"1a1c01bbd47fc00a2c39e90264f33305004495a9","hash":"8394599828ca5104c83a2ac3f4e8d8b31bfb7ed0"}
,"C:\\Users\\Manmit pal\\Desktop\\namastereact\\src\\components\\RestaurantCard.js": {"path":"C:\\Users\\Manmit pal\\Desktop\\namastereact\\src\\components\\RestaurantCard.js","statementMap":{"0":{"start":{"line":5,"column":23},"end":{"line":26,"column":1}},"1":{"start":{"line":6,"column":24},"end":{"line":6,"column":29}},"2":{"start":{"line":8,"column":27},"end":{"line":8,"column":50}},"3":{"start":{"line":10,"column":67},"end":{"line":10,"column":80}},"4":{"start":{"line":13,"column":4},"end":{"line":25,"column":3}}},"fnMap":{"0":{"name":"(anonymous_0)","decl":{"start":{"line":5,"column":23},"end":{"line":5,"column":24}},"loc":{"start":{"line":5,"column":34},"end":{"line":26,"column":1}},"line":5}},"branchMap":{},"s":{"0":2,"1":122,"2":122,"3":122,"4":122},"f":{"0":122},"b":{},"_coverageSchema":"1a1c01bbd47fc00a2c39e90264f33305004495a9","hash":"3735f06fc6d4fc717ecb7a4dbfe97c0ef07eed2b"}
,"C:\\Users\\Manmit pal\\Desktop\\namastereact\\src\\components\\RestaurantCatergory.js": {"path":"C:\\Users\\Manmit pal\\Desktop\\namastereact\\src\\components\\RestaurantCatergory.js","statementMap":{"0":{"start":{"line":5,"column":28},"end":{"line":27,"column":1}},"1":{"start":{"line":8,"column":31},"end":{"line":8,"column":46}},"2":{"start":{"line":10,"column":23},"end":{"line":12,"column":4}},"3":{"start":{"line":11,"column":5},"end":{"line":11,"column":20}},"4":{"start":{"line":14,"column":3},"end":{"line":26,"column":4}},"5":{"start":{"line":20,"column":39},"end":{"line":20,"column":91}}},"fnMap":{"0":{"name":"(anonymous_0)","decl":{"start":{"line":5,"column":28},"end":{"line":5,"column":29}},"loc":{"start":{"line":5,"column":65},"end":{"line":27,"column":1}},"line":5},"1":{"name":"(anonymous_1)","decl":{"start":{"line":10,"column":23},"end":{"line":10,"column":24}},"loc":{"start":{"line":10,"column":29},"end":{"line":12,"column":4}},"line":10},"2":{"name":"(anonymous_2)","decl":{"start":{"line":20,"column":32},"end":{"line":20,"column":33}},"loc":{"start":{"line":20,"column":38},"end":{"line":20,"column":92}},"line":20}},"branchMap":{"0":{"loc":{"start":{"line":20,"column":39},"end":{"line":20,"column":91}},"type":"cond-expr","locations":[{"start":{"line":20,"column":57},"end":{"line":20,"column":73}},{"start":{"line":20,"column":76},"end":{"line":20,"column":91}}],"line":20},"1":{"loc":{"start":{"line":20,"column":95},"end":{"line":20,"column":182}},"type":"cond-expr","locations":[{"start":{"line":20,"column":106},"end":{"line":20,"column":143}},{"start":{"line":20,"column":146},"end":{"line":20,"column":181}}],"line":20},"2":{"loc":{"start":{"line":22,"column":14},"end":{"line":22,"column":63}},"type":"binary-expr","locations":[{"start":{"line":22,"column":14},"end":{"line":22,"column":23}},{"start":{"line":22,"column":27},"end":{"line":22,"column":63}}],"line":22}},"s":{"0":1,"1":14,"2":14,"3":1,"4":14,"5":0},"f":{"0":14,"1":1,"2":0},"b":{"0":[0,0],"1":[14,0],"2":[14,1]},"_coverageSchema":"1a1c01bbd47fc00a2c39e90264f33305004495a9","hash":"651f9f3d4d572d5ac4117bffc0f0ceb626cfef8c"}
,"C:\\Users\\Manmit pal\\Desktop\\namastereact\\src\\components\\RestaurantMenu.js": {"path":"C:\\Users\\Manmit pal\\Desktop\\namastereact\\src\\components\\RestaurantMenu.js","statementMap":{"0":{"start":{"line":7,"column":23},"end":{"line":43,"column":1}},"1":{"start":{"line":9,"column":21},"end":{"line":9,"column":32}},"2":{"start":{"line":10,"column":20},"end":{"line":10,"column":44}},"3":{"start":{"line":12,"column":38},"end":{"line":12,"column":52}},"4":{"start":{"line":17,"column":4},"end":{"line":17,"column":43}},"5":{"start":{"line":17,"column":26},"end":{"line":17,"column":43}},"6":{"start":{"line":19,"column":47},"end":{"line":19,"column":82}},"7":{"start":{"line":23,"column":23},"end":{"line":24,"column":68}},"8":{"start":{"line":23,"column":98},"end":{"line":24,"column":66}},"9":{"start":{"line":27,"column":4},"end":{"line":41,"column":6}},"10":{"start":{"line":33,"column":18},"end":{"line":38,"column":23}},"11":{"start":{"line":37,"column":41},"end":{"line":37,"column":60}}},"fnMap":{"0":{"name":"(anonymous_0)","decl":{"start":{"line":7,"column":23},"end":{"line":7,"column":24}},"loc":{"start":{"line":7,"column":29},"end":{"line":43,"column":1}},"line":7},"1":{"name":"(anonymous_1)","decl":{"start":{"line":23,"column":91},"end":{"line":23,"column":92}},"loc":{"start":{"line":23,"column":98},"end":{"line":24,"column":66}},"line":23},"2":{"name":"(anonymous_2)","decl":{"start":{"line":32,"column":28},"end":{"line":32,"column":29}},"loc":{"start":{"line":33,"column":18},"end":{"line":38,"column":23}},"line":33},"3":{"name":"(anonymous_3)","decl":{"start":{"line":37,"column":35},"end":{"line":37,"column":36}},"loc":{"start":{"line":37,"column":41},"end":{"line":37,"column":60}},"line":37}},"branchMap":{"0":{"loc":{"start":{"line":17,"column":4},"end":{"line":17,"column":43}},"type":"if","locations":[{"start":{"line":17,"column":4},"end":{"line":17,"column":43}},{"start":{},"end":{}}],"line":17},"1":{"loc":{"start":{"line":36,"column":32},"end":{"line":36,"column":66}},"type":"cond-expr","locations":[{"start":{"line":36,"column":54},"end":{"line":36,"column":58}},{"start":{"line":36,"column":61},"end":{"line":36,"column":66}}],"line":36}},"s":{"0":1,"1":3,"2":3,"3":3,"4":3,"5":1,"6":2,"7":2,"8":38,"9":2,"10":14,"11":1},"f":{"0":3,"1":38,"2":14,"3":1},"b":{"0":[1,2],"1":[1,13]},"_coverageSchema":"1a1c01bbd47fc00a2c39e90264f33305004495a9","hash":"75c73c4c1b5beadee5c116f717996f111c32173d"}
,"C:\\Users\\Manmit pal\\Desktop\\namastereact\\src\\components\\Sum.js": {"path":"C:\\Users\\Manmit pal\\Desktop\\namastereact\\src\\components\\Sum.js","statementMap":{"0":{"start":{"line":1,"column":19},"end":{"line":3,"column":1}},"1":{"start":{"line":2,"column":4},"end":{"line":2,"column":17}}},"fnMap":{"0":{"name":"(anonymous_0)","decl":{"start":{"line":1,"column":19},"end":{"line":1,"column":20}},"loc":{"start":{"line":1,"column":29},"end":{"line":3,"column":1}},"line":1}},"branchMap":{},"s":{"0":1,"1":1},"f":{"0":1},"b":{},"_coverageSchema":"1a1c01bbd47fc00a2c39e90264f33305004495a9","hash":"006118557181cc0f9ec8a574c490cd219f836b7b"}
,"C:\\Users\\Manmit pal\\Desktop\\namastereact\\src\\utils\\appStore.js": {"path":"C:\\Users\\Manmit pal\\Desktop\\namastereact\\src\\utils\\appStore.js","statementMap":{"0":{"start":{"line":4,"column":17},"end":{"line":9,"column":2}}},"fnMap":{},"branchMap":{},"s":{"0":2},"f":{},"b":{},"_coverageSchema":"1a1c01bbd47fc00a2c39e90264f33305004495a9","hash":"dd898cd57f28c8bae24a6162935f1849c16c61f2"}
}
