TN:
SF:src\components\Body.js
FN:12,(anonymous_0)
FN:22,(anonymous_1)
FN:26,(anonymous_2)
FN:50,(anonymous_3)
FN:51,(anonymous_4)
FN:59,(anonymous_5)
FN:64,(anonymous_6)
FN:66,(anonymous_7)
FN:74,(anonymous_8)
FN:81,(anonymous_9)
FNF:10
FNH:9
FNDA:11,(anonymous_0)
FNDA:3,(anonymous_1)
FNDA:3,(anonymous_2)
FNDA:1,(anonymous_3)
FNDA:20,(anonymous_4)
FNDA:2,(anonymous_5)
FNDA:2,(anonymous_6)
FNDA:40,(anonymous_7)
FNDA:0,(anonymous_8)
FNDA:121,(anonymous_9)
DA:12,1
DA:14,11
DA:15,11
DA:17,11
DA:19,11
DA:22,11
DA:23,3
DA:26,11
DA:27,3
DA:28,3
DA:30,3
DA:31,3
DA:37,11
DA:39,11
DA:42,11
DA:43,3
DA:46,8
DA:51,20
DA:52,1
DA:60,2
DA:66,40
DA:67,2
DA:74,0
DA:82,121
LF:24
LH:23
BRDA:39,0,0,0
BRDA:39,0,1,11
BRDA:42,1,0,3
BRDA:42,1,1,8
BRF:4
BRH:3
end_of_record
TN:
SF:src\components\Cart.js
FN:8,(anonymous_0)
FN:10,(anonymous_1)
FN:15,(anonymous_2)
FNF:3
FNH:3
FNDA:4,(anonymous_0)
FNDA:8,(anonymous_1)
FNDA:1,(anonymous_2)
DA:8,1
DA:10,8
DA:11,4
DA:13,4
DA:15,4
DA:16,1
DA:20,4
LF:7
LH:7
BRDA:23,0,0,2
BRDA:23,0,1,2
BRF:2
BRH:2
end_of_record
TN:
SF:src\components\Contact.js
FN:3,(anonymous_0)
FNF:1
FNH:1
FNDA:3,(anonymous_0)
DA:3,1
DA:4,3
LF:2
LH:2
BRF:0
BRH:0
end_of_record
TN:
SF:src\components\Header.js
FN:11,(anonymous_0)
FN:19,(anonymous_1)
FN:24,(anonymous_2)
FN:29,(anonymous_3)
FNF:4
FNH:4
FNDA:9,(anonymous_0)
FNDA:5,(anonymous_1)
FNDA:17,(anonymous_2)
FNDA:1,(anonymous_3)
DA:11,2
DA:13,9
DA:16,9
DA:17,9
DA:19,9
DA:24,17
DA:27,9
DA:29,9
DA:30,1
DA:31,1
DA:35,9
LF:11
LH:11
BRDA:30,0,0,1
BRDA:30,0,1,0
BRDA:31,1,0,1
BRDA:31,1,1,0
BRDA:45,2,0,9
BRDA:45,2,1,0
BRF:6
BRH:3
end_of_record
TN:
SF:src\components\ItemList.js
FN:6,(anonymous_0)
FN:10,(anonymous_1)
FN:16,(anonymous_2)
FN:31,(anonymous_3)
FNF:4
FNH:4
FNDA:3,(anonymous_0)
FNDA:2,(anonymous_1)
FNDA:14,(anonymous_2)
FNDA:2,(anonymous_3)
DA:6,1
DA:8,3
DA:10,3
DA:11,2
DA:15,3
DA:17,14
DA:31,2
LF:7
LH:7
BRDA:23,0,0,14
BRDA:23,0,1,0
BRF:2
BRH:1
end_of_record
TN:
SF:src\components\RestaurantCard.js
FN:5,(anonymous_0)
FNF:1
FNH:1
FNDA:122,(anonymous_0)
DA:5,2
DA:6,122
DA:8,122
DA:10,122
DA:13,122
LF:5
LH:5
BRF:0
BRH:0
end_of_record
TN:
SF:src\components\RestaurantCatergory.js
FN:5,(anonymous_0)
FN:10,(anonymous_1)
FN:20,(anonymous_2)
FNF:3
FNH:2
FNDA:14,(anonymous_0)
FNDA:1,(anonymous_1)
FNDA:0,(anonymous_2)
DA:5,1
DA:8,14
DA:10,14
DA:11,1
DA:14,14
DA:20,0
LF:6
LH:5
BRDA:20,0,0,0
BRDA:20,0,1,0
BRDA:20,1,0,14
BRDA:20,1,1,0
BRDA:22,2,0,14
BRDA:22,2,1,1
BRF:6
BRH:3
end_of_record
TN:
SF:src\components\RestaurantMenu.js
FN:7,(anonymous_0)
FN:23,(anonymous_1)
FN:32,(anonymous_2)
FN:37,(anonymous_3)
FNF:4
FNH:4
FNDA:3,(anonymous_0)
FNDA:38,(anonymous_1)
FNDA:14,(anonymous_2)
FNDA:1,(anonymous_3)
DA:7,1
DA:9,3
DA:10,3
DA:12,3
DA:17,3
DA:19,2
DA:23,38
DA:27,2
DA:33,14
DA:37,1
LF:10
LH:10
BRDA:17,0,0,1
BRDA:17,0,1,2
BRDA:36,1,0,1
BRDA:36,1,1,13
BRF:4
BRH:4
end_of_record
TN:
SF:src\components\Sum.js
FN:1,(anonymous_0)
FNF:1
FNH:1
FNDA:1,(anonymous_0)
DA:1,1
DA:2,1
LF:2
LH:2
BRF:0
BRH:0
end_of_record
TN:
SF:src\utils\appStore.js
FNF:0
FNH:0
DA:4,2
LF:1
LH:1
BRF:0
BRH:0
end_of_record
